18 900
16 700
13 400
5 410
45 900
101 1010
9 630
8 80
7 250
43 700
8 800
8 710
40 1003
8 170
7 700
16 700
6 240
33 600
80 1007
80 800
43 700
6 60
21 300
21 300
24 600
42 600
40 1003
60 1005
6 150
45 900
26 800
25 700
61 700
12 300
31 400
8 170
9 450
9 810
36 900
3 210
3 120
80 1007
22 400
100 1000
43 700
20 1001
33 600
30 300
7 520
9 450
9 540
3 300
6 330
3 30
7 250
44 800
7 340
27 900
1 100
3 30
20 200
8 170
18 900
62 800
18 900
10 100
30 1002
7 70
8 260
7 160
9 360
18 900
18 900
20 1001
34 700
3 30
20 1001
51 600
7 250
17 800
7 610
71 800
63 900
70 700
5 500
15 600
8 530
8 440
7 250
3 120
41 500
9 450
25 700
3 30
6 510
8 710
7 250
7 70
6 240
44 800
4 130
20 1001
5 230
90 1008
14 500
36 900
50 500
40 400
9 630
8 440
51 600
33 600
22 400
90 900
20 1001
3 120
60 600
53 800
5 320
9 90
7 520
8 620
3 300
11 200
62 800
8 170
8 350
8 260
8 440
9 270
100 1000
24 600
52 700
6 60
9 90
5 50
2 200
9 180
9 90
6 600
4 220
7 430
3 30
6 420
33 600
3 30
101 1010
35 800
5 410
8 80
1 10
44 800
40 1003
72 900
101 1010
50 1004
100 1000
54 900
3 30
8 80
54 900
9 450
5 140
10 1000
23 500
6 510
18 900
4 310
33 600
9 900
2 20
6 150
8 710
100 1000
9 630
6 150
81 900
7 520
9 810
1 10
70 1006
60 600
6 60
6 60
32 500
4 40
9 540
8 80
3 210
4 400
26 800
101 1010
20 1001
60 600
6 60
70 1006
9 720
2 110
8 530
8 80