NONE
NONE
5 230
NONE
NONE
280 91000
435 93000
1 10
9 630
1 10
1 10
NONE
NONE
8 80
41 5000
54 6300
NONE
13 400
NONE
746 89000
347 59000
6 150
72 900
NONE
6 60
8 70010
NONE
8 800
1 10
32 500
8 80
71 800
7 70
4 40
NONE
906 717000
NONE
NONE
4011 60000
65 4700
84 370200
45 23400
8 4310
NONE
554 59000
24 1500
871 655000
61 700
5 50
40 1003
780 681000
665 98000
124 52000
1 100
1 10
1 10
770 626000
1523 830000
17 800
73 5500
45 6300
NONE
NONE
NONE
17 800
76 5800
48 7500
1 10
NONE
21 300
72 16200
41 500
723 309000
NONE
5201 700010
191 254000
NONE
16 40300
263 452000
8 80
343 82000
615 66000
90 4005
38 107300
1 10
NONE
NONE
1 10
9 9000
NONE
2 20
550 37000
233 611000
5 50
NONE
70 4003
3426 690000
NONE
NONE
NONE
348 69000
8 80
NONE
6 60
NONE
432 9000
8 80
NONE
NONE
NONE
72 5400
9 720
48 73200
9 90
5 50
2 20
559 856000
330 24000
8310 500007
2800 500050
1 10
NONE
NONE
1 10
4 130
622 19000
NONE
NONE
NONE
540 30006
18 8100
101 10010
6 240
724 67000
NONE
NONE
NONE
715 661000
30 1002
1 10
NONE
33 600
NONE
NONE
5 11300
5 50
NONE
4 2110
56 5600
3 30
6 600
259 826000
18 9000
9 10080
55 8200
750 120009
905 770000
300 30000
NONE
83 23600
323 62000
25 122200
14 500
1 10
3 30
NONE
241 16000
NONE
78 7800
NONE
NONE
730 532000
1 10
88 27700
447 573000
28 214300
2 200
1 10
63 6300
6043 850000
106 16000
79 16900
4802 770000
NONE
53 800
NONE
1 10
630 40005
1514 560000
4 40
NONE
1 10
540 54000
7 430
709 655000
951 825000
24 600
NONE
8 80
35 800