23881770811829279277053128510918365737651387428508 23881770811829279277053128510918382864283917590733
NONE
NONE
94741465825325994309594140361633718126546198626714 94741465825325994309594140361633776206300791735948
NONE
72202608376506366694283624769670541631437858569001 72202608376506366694283624769671111621543691772487
97789322598773977648894916745336196335319012750680 97789322598773977648894916745336196335326350622715
1 10
29088043678064511161938405058587043478546247325837 29088043678064511161938405058587043478546247343765
19131446626363887613841694051301390249531324345960 19131446626363887613841694051301390257099032474071
22053236761260953026825653170690234412371986848679 22053236761260953026825653170690234412371986888648
NONE
2427347957333485032176461818672253718679560417914 2427347957333485032176461818672253719430638183598
43023993407454827526006175047826167728302922233950 43023993407454827526006175047826260891242784252423
76912902256323605280794091079749976324949243652455 76912902256323605280794091079749976324949316118943
70435289089151572150550774694752378981470935216255 70435289089151572150550774694752378981470939004175
29332064113840163937713249376008936716553864133278 29332064113840163937713249376008936716553997310490
39652335050369645522446016526220730563291409778961 39652335050369645522446016526220730842825334966458
61297533554644387237428867588834490166553992957646 61297533554644387237428867588835437502983926659593
NONE
47085139090941978708949264971176999275631166159916 47085139090941978708949264971177424057648458979327
54352529290383085419280656155616794040562571077589 54352529290383085419280656155616794040567428381558
66836404092479662718657552672485602303132706797605 66836404092479662718657552672485680240881270302907
18277270651625685122985051519234041570768402235970 18277270651625685122985051519234041570861957911051
NONE
90608593886226760505055281502311048817690545784401 90608593886226760505055281502311048817690550758440
41551198253438331945785055033792771799547720238244 41551198253438331945785055033792771799547722461361
24342342120926226866118593753115996687434257748211 24342342120926226866118593753115996687434257808250
555678956653162536305804541127419013833194091045 555678956653162536305804541127419013833211445808
NONE
31831798185295730333372383598053752312807643325527 31831798185295730333372383598053752312809124825733
24390240620284657620182749251179013659589147140270 24390240620284657620182749251179013659590048303592
8742732469271040353493047068521133632419956405092 8742732469271040353493047068521133632419991402339
14336265674834441980093766674990438188737313334463 14336265674834441980093766674990461239978102379602
7113023345306269815752386851066306853464404706334 7113023345306269815752386851066306909240228098152
NONE
78115722363345611652079082018050461244394575246371 78115722363345611652079082018050461244394575246632
75301332615748013590966381918257556579507947565119 75301332615748013590966381918257556579507947700929
12647914406606897939905201545809487955801714913123 12647914406606897939905201545809487961080772481321
NONE
95624616990430386502949841987792872043802053627557 95624616990430386502949841987792913045911180296717
NONE
55828523763976860047680319321196984823707841202846 55828523763976860047680319321197698488010868900511
56237177385698066457702343057078729454148017154230 56237177385698066457702343057078729454148017154302
27786097359022771749429738859222050218514075017995 27786097359022771749429738859222050218514160812997
NONE
4737063075036982285423180018029134997858567130892 4737063075036982285423180018029134997859311389087
26512306913439486829183641958386641546058026573634 26512306913439486829183641958386641546058035503299
68076862764587961766809510832704369503205987801452 68076862764587961766809510832704369503205987823313
NONE
58621268585580718104724070563222940919463332436272 58621268585580718104724070563223023503631938848085
NONE
90100788114677756157570352683422961180921963865083 90100788114677756157570352683422961180921963865623
NONE
94826232715826959811059893135278163922309777654378 94826232715826959811059893135278163962972527455376
67085024590687805433776418462439316748572138613875 67085024590687805433776418462439316856931645709426
59181017804847659881806308007533278227994875208603 59181017804847659881806308007533278227994875208621
89244334773890172502553413211542706471908842742773 89244334773890172502553413211542706472358691380485
1 10
677903595153806300909060766492330159239572828771 677903595153806300909060766492487325740999052341
1 10
86779902636781769409681800713131601856436372463188 86779902636781769409681800713131601856436372753843
38457522906522587486252295099185420955166116953430 38457522906522587486252295099185469202567161430833
69654208518955912412086553893139086780319054445515 69654208518955912412086553893139086780323670328831
31144429547942891008178787366012849458845230197171 31144429547942891008178787366012849458885090403128
NONE
NONE
1 10
58002664727069444010944095189032678090290554793362 58002664727069444010944095189032826545390098264860
NONE
NONE
62230132084506938694974681966539473765546637922546 62230132084506938694974681966539473765546637946702
NONE
5049695113626385775494392573164746123901312083672 5049695113626385775494392573164746123901312086813
13752296221123951526493021454404476549809477691299 13752296221123951526493021454404476549809477698544
49398444244195415699078744711477847254057463330716 49398444244195415699078744711477934669524144103464
84338835524703039387568263634240919517541360636937 84338835524703039387568263634240919517541360939364
68853759217792602837053859596784060814754499700265 68853759217792602837053859596784317493421288863800
97828644784174661970518799973334766256362188603347 97828644784174661970518799973335100089682735239199
57823838337211794323901622603657318068144366898270 57823838337211794323901622603657486304383278365239
88264922680750507229189203973624355157082965785416 88264922680750507229189203973624355157845337289561
NONE
59479227815999971731018591982987828700820889913099 59479227815999971731018591982987828700820889956524
56838757475653280989953537016669974822807312246144 56838757475653280989953537016670073920617151893398
NONE
84873015507418896757110367565859461624250145963044 84873015507418896757110367565859461624250145963080
83934238211594182731471642944144031020665942498282 83934238211594182731471642944144031020665985338912
1 10
NONE
46650163176505265670860238617689167962618909160379 46650163176505265670860238617689167962618909160865
61707310901193571084425787339483686578949574698350 61707310901193571084425787339483686578949574698602
55007879903569860857373177142728354982989372212187 55007879903569860857373177142728354983030736867774
97162570735099436512828351260855799200343388880854 97162570735099436512828351260855799200345740157899
75208764478128226254645536241076534024660156964283 75208764478128226254645536241076543075196519733330
67997862212848116978657727821795954684741327366019 67997862212848116978657727821795954684741327384433
NONE
97830732856922464796793259487022443848619190066591 97830732856922464796793259487022449541706370049597
NONE
24589043987688979111848309891135751619819932835907 24589043987688979111848309891135751619819932835943
13636725375474047622652491903256666699467446621960 13636725375474047622652491903256666699467446730770
NONE
30078216410073406191654551329627393054692135167138 30078216410073406191654551329627393056518668800233
NONE
11003966109039247245248080754764138941506567774590 11003966109039247245248080754764138941529347083488
25271479537495180221606104867981550811212332080035 25271479537495180221606104867981550811212336202332
NONE
60680901939832479702208800230212716838840587756531 60680901939832479702208800230212716838840588661850
NONE
82087437032726761224236541389435236915421703793990 82087437032726761224236541389435237078140282486369
42801312957474971801990531350352007095345635147950 42801312957474971801990531350352016031708679631177
NONE
NONE
NONE
24140536695929300034053646309055582122387515271543 24140536695929300034053646309056025616429116943209
34355386691489020717596754350654238559510601729559 34355386691489020717596754350654238654057374905563
NONE
36718886198591331107923332399078055313523013281732 36718886198591331107923332399078055313523014045508
34587201637228111715144867091526540637026965313239 34587201637228111715144867091526636080420293406975
56615569795161763061523540968341712383022954440844 56615569795161763061523540968341712383103270785652
NONE
62314637386711891854413351458905973350802054199933 62314637386711891854413351458905973350802054294568
54545447444473578259590173464398358618042521942594 54545447444473578259590173464398358618170341787009
NONE
53414686537396918228079233463038227322196553876234 53414686537396918228079233463038227322690977317712
50419728585540829948616795818315952826193291193465 50419728585540829948616795818315953528332408766932
1 100
9220943002488909118360339194149817789145187845903 9220943002488909118360339194149873805387919479421
5606768162224025443619282767066737826420723204839 5606768162224025443619282767066745033709815601936
NONE
NONE
39854932430521641589235552697382407359504231615738 39854932430521641589235552697382407359504267304653
22978410011696346805912718903557013734636247387579 22978410011696346805912718903557014619639945178363
NONE
70255976474535232004315332161148996114948678961314 70255976474535232004315332161148996114948838494252
17914780819371177946498229373653930831626314364544 17914780819371177946498229373653931512322633814829
63215637636544592368110525636515595863444604402776 63215637636544592368110525636515595863445515125376
77517370236929361192546072341652038535265426279742 77517370236929361192546072341652039156161440589954
10181313961625547364509348175684319238022702326394 10181313961625547364509348175684319238024141670690
80207423208181722048421691120801269062176076583117 80207423208181722048421691120801269097211118634287
10350660139512337101473078756333071899733000043689 10350660139512337101473078756333080672074776737033
40674673541200058182580060611639654025100126253173 40674673541200058182580060611639654025100126253209
36436145548949177161463998648279894985590047925184 36436145548949177161463998648279895630129775943739
33167666644438853336258487275690849395902470935406 33167666644438853336258487275690849395902472307195
49185766379426279049865662547317365509394446299844 49185766379426279049865662547317365509394446384669
85268820554462662080704012295296357674409487946323 85268820554462662080704012295296357749371935970183
73484235693843375164696379627167028763148591263432 73484235693843375164696379627167028851120328579139
98533502430703171919888141507672909949770450499409 98533502430703171919888141507672909949770452557484
91021957002298726132098897408549267070080562523524 91021957002298726132098897408549267070080562533163
29567546704104403749517543706204199843340313324606 29567546704104403749517543706204199843341032593131
NONE
56424840460893311488694488945619582114842931090482 56424840460893311488694488945619582114842931180266
20047762797148469290038748192807334520302812487537 20047762797148469290038748192807334528473054312553
69563772374916240280941919475450469679330299710712 69563772374916240280941919475450469679330299711333
27497618016411736485872045196162865806662166394400 27497618016411736485872045196162865807215147058094
NONE
NONE
50932519246074056283685724501974175254132810806435 50932519246074056283685724501974175254132813124907
22499239034874762041749215967216167469535374188125 22499239034874762041749215967216167469538834050349
NONE
41886406560262795067030755980968991762902284507762 41886406560262795067030755980968991762905850018943
NONE
1 10
1 10
23830001049041619495026321035733696175004477660157 23830001049041619495026321035733698566436613690111
66828646268109178813525461220274570904728881264401 66828646268109178813525461220275227502528866502474
74174114102001204894613775458450526627330507675761 74174114102001204894613775458450526627330515594924
3807698039083780157059616495876801559751103341949 3807698039083780157059616495876801561460024739928
NONE
NONE
53851291803750812845188122087256242461454686285055 53851291803750812845188122087256242461454686285082
1 10
NONE
74507734946520835080080399825531159897270136463343 74507734946520835080080399825531159897270140546085
NONE
NONE
NONE
51377076574345288482729205341208805539418232052925 51377076574345288482729205341208805539418320772450
29468509551550176374942963579324046246824843652711 29468509551550176374942963579324046246824843653404
NONE
45022064485914946097440332842767513613694939329385 45022064485914946097440332842767513995775150480938
49354116216710328720310082845593881685553750706283 49354116216710328720310082845593881685615615167472
NONE
NONE
76714567482430733092578338645686843356462176812209 76714567482430733092578338645686906531060587590184
1 10
NONE
70103863796471590449135151847992521526285222656834 70103863796471590449135151847992522406039922601959
34298328345112303058620894036696949655062121889015 34298328345112303058620894036696949656412703271447
96116749271543685553597069113027138396036199654200 96116749271543685553597069113027138396036200377098
3719378435296151518298524347541556681226612077583 3719378435296151518298524347541556681226612077628
NONE
31293097477480307117784330841912536888479133134403 31293097477480307117784330841912536919012299855006
NONE
3842609702626304740345758452874037387232372013922 3842609702626304740345758452874130840610233935565
NONE
88707560963475910778212729189839283285308165564798 88707560963475910778212729189839566497443653560395
19951202815712806230371518461701051054967406052310 19951202815712806230371518461701051056810036223871
29937822237062393617697150405923237261285164780746 29937822237062393617697150405923238021481875608466
1 10
NONE